<?xml version="1.0" encoding="UTF-8"?>
<testng-results ignored="0" total="2" passed="2" failed="0" skipped="0">
  <reporter-output>
  </reporter-output>
  <suite started-at="2021-07-14T12:47:39 IST" name="Surefire suite" finished-at="2021-07-14T12:47:39 IST" duration-ms="110">
    <groups>
    </groups>
    <test started-at="2021-07-14T12:47:39 IST" name="Surefire test" finished-at="2021-07-14T12:47:39 IST" duration-ms="110">
      <class name="com.testpackage.SeleniumTest">
        <test-method signature="webApps()[pri:0, instance:com.testpackage.SeleniumTest@7d20d0b]" started-at="2021-07-14T12:47:39 IST" name="webApps" finished-at="2021-07-14T12:47:39 IST" duration-ms="2" status="PASS">
          <reporter-output>
          </reporter-output>
        </test-method> <!-- webApps -->
      </class> <!-- com.testpackage.SeleniumTest -->
      <class name="com.testpackage.AppiumTest">
        <test-method signature="webApps()[pri:0, instance:com.testpackage.AppiumTest@1ce24091]" started-at="2021-07-14T12:47:39 IST" name="webApps" finished-at="2021-07-14T12:47:39 IST" duration-ms="7" status="PASS">
          <reporter-output>
          </reporter-output>
        </test-method> <!-- webApps -->
      </class> <!-- com.testpackage.AppiumTest -->
    </test> <!-- Surefire test -->
  </suite> <!-- Surefire suite -->
</testng-results>
