<?xml version="1.0" encoding="UTF-8"?>
<testng-results ignored="0" total="1" passed="1" failed="0" skipped="0">
  <reporter-output>
  </reporter-output>
  <suite started-at="2021-07-14T12:19:09 IST" name="Default suite" finished-at="2021-07-14T12:19:10 IST" duration-ms="185">
    <groups>
    </groups>
    <test started-at="2021-07-14T12:19:09 IST" name="Default test" finished-at="2021-07-14T12:19:10 IST" duration-ms="185">
      <class name="com.testpackage.Selenium">
        <test-method signature="webApps()[pri:0, instance:com.testpackage.Selenium@4d5b6aac]" started-at="2021-07-14T12:19:10 IST" name="webApps" finished-at="2021-07-14T12:19:10 IST" duration-ms="22" status="PASS">
          <reporter-output>
          </reporter-output>
        </test-method> <!-- webApps -->
      </class> <!-- com.testpackage.Selenium -->
    </test> <!-- Default test -->
  </suite> <!-- Default suite -->
</testng-results>
